Validating found git in: git
Using git 2.17.1 from git
Opening repository for path='/root' failed; ex=Failed to execute git {
  "exitCode": 128,
  "gitErrorCode": "NotAGitRepository",
  "gitCommand": "rev-parse",
  "stdout": "",
  "stderr": "fatal: not a git repository (or any of the parent directories): .git\n"
}
Opening repository for path='/root/.Xauthority' failed; ex=Error: spawn ENOTDIR
Opening repository for path='/root/.bash_history' failed; ex=Error: spawn ENOTDIR
Opening repository for path='/root/.bashrc' failed; ex=Error: spawn ENOTDIR
Opening repository for path='/root/.cache' failed; ex=Failed to execute git {
  "exitCode": 128,
  "gitErrorCode": "NotAGitRepository",
  "gitCommand": "rev-parse",
  "stdout": "",
  "stderr": "fatal: not a git repository (or any of the parent directories): .git\n"
}
Opening repository for path='/root/.config' failed; ex=Failed to execute git {
  "exitCode": 128,
  "gitErrorCode": "NotAGitRepository",
  "gitCommand": "rev-parse",
  "stdout": "",
  "stderr": "fatal: not a git repository (or any of the parent directories): .git\n"
}
Opening repository for path='/root/.gnupg' failed; ex=Failed to execute git {
  "exitCode": 128,
  "gitErrorCode": "NotAGitRepository",
  "gitCommand": "rev-parse",
  "stdout": "",
  "stderr": "fatal: not a git repository (or any of the parent directories): .git\n"
}
Opening repository for path='/root/.kube' failed; ex=Failed to execute git {
  "exitCode": 128,
  "gitErrorCode": "NotAGitRepository",
  "gitCommand": "rev-parse",
  "stdout": "",
  "stderr": "fatal: not a git repository (or any of the parent directories): .git\n"
}
Opening repository for path='/root/.lesshst' failed; ex=Error: spawn ENOTDIR
Opening repository for path='/root/.profile' failed; ex=Error: spawn ENOTDIR
Opening repository for path='/root/.ssh' failed; ex=Failed to execute git {
  "exitCode": 128,
  "gitErrorCode": "NotAGitRepository",
  "gitCommand": "rev-parse",
  "stdout": "",
  "stderr": "fatal: not a git repository (or any of the parent directories): .git\n"
}
Opening repository for path='/root/.vim' failed; ex=Failed to execute git {
  "exitCode": 128,
  "gitErrorCode": "NotAGitRepository",
  "gitCommand": "rev-parse",
  "stdout": "",
  "stderr": "fatal: not a git repository (or any of the parent directories): .git\n"
}
Opening repository for path='/root/.viminfo' failed; ex=Error: spawn ENOTDIR
Opening repository for path='/root/.vscode-server' failed; ex=Failed to execute git {
  "exitCode": 128,
  "gitErrorCode": "NotAGitRepository",
  "gitCommand": "rev-parse",
  "stdout": "",
  "stderr": "fatal: not a git repository (or any of the parent directories): .git\n"
}
Opening repository for path='/root/.wget-hsts' failed; ex=Error: spawn ENOTDIR
Opening repository for path='/root/get_helm.sh' failed; ex=Error: spawn ENOTDIR
Opening repository for path='/root/my-apache-pod.yaml' failed; ex=Error: spawn ENOTDIR
Opening repository for path='/root/my-apache-service.yaml' failed; ex=Error: spawn ENOTDIR
Opening repository for path='/root/my-apche-deploy.yaml' failed; ex=Error: spawn ENOTDIR
Opening repository for path='/root/ncloud-config-cm.yaml' failed; ex=Error: spawn ENOTDIR
> git rev-parse --git-dir
Open repository: /root/traefik-helm-chart
> git status -z -u
> git symbolic-ref --short HEAD
> git for-each-ref --format=%(refname)%00%(upstream:short)%00%(objectname)%00%(upstream:track) refs/heads/master refs/remotes/master
> git for-each-ref --sort -committerdate --format %(refname) %(objectname) %(*objectname)
> git remote --verbose
Warning: Failed to watch ref '/root/traefik-helm-chart/.git/refs/remotes/origin/master', is most likely packed.
> git config --get commit.template
> git check-ignore -v -z --stdin
> git check-ignore -v -z --stdin
> git check-ignore -v -z --stdin
> git check-ignore -v -z --stdin
> git check-ignore -v -z --stdin
> git show --textconv :traefik/templates/dashboard-hook-ingressroute.yaml
> git ls-files --stage -- /root/traefik-helm-chart/traefik/templates/dashboard-hook-ingressroute.yaml
> git cat-file -s ec278c26910d8550a78538550a97bb43a9598885
> git show --textconv :traefik/templates/service.yaml
> git ls-files --stage -- /root/traefik-helm-chart/traefik/templates/service.yaml
> git cat-file -s 92365d4cba20092bd57d4f2b92607d6e576111e0
> git show --textconv :traefik/templates/ingressclass.yaml
> git ls-files --stage -- /root/traefik-helm-chart/traefik/templates/ingressclass.yaml
> git cat-file -s ec76692d3609232b1030e955ab0684995a4ba5b9
> git show --textconv :traefik/templates/deployment.yaml
> git ls-files --stage -- /root/traefik-helm-chart/traefik/templates/deployment.yaml
> git cat-file -s e9ea7ad0d4be244c6049d804a861aa40caa6dbd0
> git show --textconv :traefik/templates/gateway.yaml
> git ls-files --stage -- /root/traefik-helm-chart/traefik/templates/gateway.yaml
> git cat-file -s c650ba86d6d2c98a865a9e795896df58251b0913
> git show --textconv :traefik/templates/service.yaml
> git ls-files --stage -- /root/traefik-helm-chart/traefik/templates/service.yaml
> git cat-file -s 92365d4cba20092bd57d4f2b92607d6e576111e0
Opening repository for path='/root' failed; ex=Failed to execute git {
  "exitCode": 128,
  "gitErrorCode": "NotAGitRepository",
  "gitCommand": "rev-parse",
  "stdout": "",
  "stderr": "fatal: not a git repository (or any of the parent directories): .git\n"
}
Opening repository for path='/root' failed; ex=Failed to execute git {
  "exitCode": 128,
  "gitErrorCode": "NotAGitRepository",
  "gitCommand": "rev-parse",
  "stdout": "",
  "stderr": "fatal: not a git repository (or any of the parent directories): .git\n"
}
Opening repository for path='/root' failed; ex=Failed to execute git {
  "exitCode": 128,
  "gitErrorCode": "NotAGitRepository",
  "gitCommand": "rev-parse",
  "stdout": "",
  "stderr": "fatal: not a git repository (or any of the parent directories): .git\n"
}
Opening repository for path='/root' failed; ex=Failed to execute git {
  "exitCode": 128,
  "gitErrorCode": "NotAGitRepository",
  "gitCommand": "rev-parse",
  "stdout": "",
  "stderr": "fatal: not a git repository (or any of the parent directories): .git\n"
}
